<?xml version="1.0" encoding="UTF-8"?>
<!-- Generated by org.testng.reporters.JUnitReportReporter -->
<testsuite skipped="0" hostname="PC-20140101KDBH" name="findyou.postget.TestLives_post" tests="1" failures="0" timestamp="13 五月 2018 11:17:33 GMT" time="1.725" errors="0">
  <testcase name="createOnelives" time="1.725" classname="findyou.postget.TestLives_post"/>
</testsuite> <!-- findyou.postget.TestLives_post -->
