<?xml version="1.0" encoding="UTF-8"?>
<!-- Generated by org.testng.reporters.JUnitReportReporter -->
<testsuite skipped="0" hostname="PC-20140101KDBH" name="com.testInterface.TestLives_put" tests="1" failures="0" timestamp="13 五月 2018 14:16:40 GMT" time="42.901" errors="0">
  <testcase name="modifyOnelives" time="42.901" classname="com.testInterface.TestLives_put"/>
</testsuite> <!-- com.testInterface.TestLives_put -->
