<?xml version="1.0" encoding="UTF-8"?>
<!-- Generated by org.testng.reporters.JUnitReportReporter -->
<testsuite skipped="0" hostname="PC-20140101KDBH" name="findyou.postget.TestLives_put" tests="1" failures="0" timestamp="13 五月 2018 11:57:08 GMT" time="13.481" errors="0">
  <testcase name="modifyOnelives" time="13.481" classname="findyou.postget.TestLives_put"/>
</testsuite> <!-- findyou.postget.TestLives_put -->
