<?xml version="1.0" encoding="UTF-8"?>
<!-- Generated by org.testng.reporters.JUnitReportReporter -->
<testsuite skipped="0" hostname="PC-20140101KDBH" name="findyou.postget.TestLives_get" tests="1" failures="0" timestamp="13 五月 2018 09:54:46 GMT" time="1.864" errors="0">
  <testcase name="getlives" time="1.864" classname="findyou.postget.TestLives_get"/>
</testsuite> <!-- findyou.postget.TestLives_get -->
