<?xml version="1.0" encoding="UTF-8"?>
<!-- Generated by org.testng.reporters.JUnitReportReporter -->
<testsuite skipped="0" hostname="PC-20140101KDBH" name="findyou.postget.TestLives_delete" tests="1" failures="0" timestamp="13 五月 2018 12:38:48 GMT" time="1.637" errors="0">
  <testcase name="deleteOnelives" time="1.637" classname="findyou.postget.TestLives_delete"/>
</testsuite> <!-- findyou.postget.TestLives_delete -->
