<?xml version="1.0" encoding="UTF-8"?>
<!-- Generated by org.testng.reporters.JUnitReportReporter -->
<testsuite skipped="0" hostname="PC-20140101KDBH" name="findyou.postget.Testget" tests="10" failures="0" timestamp="12 五月 2018 13:58:50 GMT" time="98.755" errors="0">
  <testcase name="getreplace" time="2.019" classname="findyou.postget.Testget"/>
  <testcase name="getprogramParade" time="0.368" classname="findyou.postget.Testget"/>
  <testcase name="getlunboOneList" time="0.034" classname="findyou.postget.Testget"/>
  <testcase name="getreplaceRate" time="0.158" classname="findyou.postget.Testget"/>
  <testcase name="getbitRate" time="0.038" classname="findyou.postget.Testget"/>
  <testcase name="getoneprogramParade" time="93.209" classname="findyou.postget.Testget"/>
  <testcase name="getAlllives" time="1.888" classname="findyou.postget.Testget"/>
  <testcase name="getreplaceListId" time="0.424" classname="findyou.postget.Testget"/>
  <testcase name="gettimeRecord" time="0.585" classname="findyou.postget.Testget"/>
  <testcase name="getlives" time="0.032" classname="findyou.postget.Testget"/>
</testsuite> <!-- findyou.postget.Testget -->
